2023-09-06 18:31:09 DEBUG TelegramBot:38 - Hello 1
2023-09-06 18:31:13 DEBUG TelegramBot:38 - Privet bratik
2023-09-06 18:31:14 DEBUG TelegramBot:38 - ahahahah
2023-09-06 18:59:37 DEBUG TelegramBot:37 - Hello bro
2023-09-06 18:59:50 DEBUG TelegramBot:37 - dadada
2023-09-06 18:59:56 DEBUG TelegramBot:37 - privet bii
2023-09-06 19:00:52 DEBUG TelegramBot:37 - gggg
2023-09-06 19:00:52 DEBUG TelegramBot:42 - SendMessage(chatId=728564715, text=Hello from bot, parseMode=null, disableWebPagePreview=null, disableNotification=null, replyToMessageId=null, replyMarkup=null, entities=null, allowSendingWithoutReply=null, protectContent=null)
2023-09-06 19:01:00 DEBUG TelegramBot:37 - bro
2023-09-06 19:01:00 DEBUG TelegramBot:42 - SendMessage(chatId=728564715, text=Hello from bot, parseMode=null, disableWebPagePreview=null, disableNotification=null, replyToMessageId=null, replyMarkup=null, entities=null, allowSendingWithoutReply=null, protectContent=null)
2023-09-06 19:01:01 DEBUG TelegramBot:37 - bro
2023-09-06 19:01:01 DEBUG TelegramBot:42 - SendMessage(chatId=728564715, text=Hello from bot, parseMode=null, disableWebPagePreview=null, disableNotification=null, replyToMessageId=null, replyMarkup=null, entities=null, allowSendingWithoutReply=null, protectContent=null)
2023-09-06 19:01:02 DEBUG TelegramBot:37 - bro
2023-09-06 19:01:02 DEBUG TelegramBot:42 - SendMessage(chatId=728564715, text=Hello from bot, parseMode=null, disableWebPagePreview=null, disableNotification=null, replyToMessageId=null, replyMarkup=null, entities=null, allowSendingWithoutReply=null, protectContent=null)
2023-09-06 19:02:13 DEBUG TelegramBot:37 - hhhhh
2023-09-06 19:32:46 DEBUG TelegramBot:48 - Hello for Java
2023-09-06 19:43:25 DEBUG TelegramBot:46 - Privetiki
2023-09-06 21:49:46 DEBUG UpdateProducerImpl:20 - Hello from Java
2023-09-06 21:51:59 DEBUG UpdateProducerImpl:20 - 😘
2023-09-06 21:54:02 DEBUG UpdateProducerImpl:20 - 
2023-09-07 22:15:06 DEBUG UpdateProducerImpl:20 - 
2023-09-08 19:56:22 DEBUG UpdateProducerImpl:20 - Hello 1
2023-09-08 19:58:19 DEBUG UpdateProducerImpl:20 - 
2023-09-08 21:38:26 DEBUG UpdateProducerImpl:20 - hahaha
2023-09-08 21:38:29 DEBUG UpdateProducerImpl:20 - qqqqq
2023-09-08 21:44:09 DEBUG UpdateProducerImpl:20 - qqqqq
2023-09-08 21:44:10 DEBUG UpdateProducerImpl:20 - wwwwwww
2023-09-08 21:47:17 DEBUG UpdateProducerImpl:20 - qwerty
2023-09-08 21:47:20 DEBUG UpdateProducerImpl:20 - ytrew
2023-09-08 21:50:57 DEBUG UpdateProducerImpl:20 - qwery
2023-09-08 21:50:59 DEBUG UpdateProducerImpl:20 - ytreqw
2023-09-20 14:52:17 DEBUG UpdateProducerImpl:21 - haahah
2023-09-20 14:55:03 DEBUG UpdateProducerImpl:21 - kaka
2023-09-20 22:41:59 DEBUG UpdateProducerImpl:22 - hello
2023-09-20 22:42:30 DEBUG UpdateProducerImpl:22 - sss
2023-09-20 22:42:31 DEBUG UpdateProducerImpl:22 - sss
2023-09-20 22:44:15 DEBUG UpdateProducerImpl:22 - ddd
2023-09-20 22:44:16 DEBUG UpdateProducerImpl:22 - ddd
2023-09-20 22:45:19 DEBUG UpdateProducerImpl:22 - cc
2023-09-20 22:45:20 DEBUG UpdateProducerImpl:22 - cc
2023-09-20 23:19:59 DEBUG UpdateProducerImpl:22 - aaa
2023-09-20 23:19:59 DEBUG UpdateProducerImpl:22 - aaa
2023-09-20 23:20:00 DEBUG UpdateProducerImpl:22 - aaa
2023-09-20 23:20:01 DEBUG UpdateProducerImpl:22 - aaa
2023-09-20 23:21:36 DEBUG UpdateProducerImpl:22 - vvv
2023-09-20 23:21:37 DEBUG UpdateProducerImpl:22 - vvvv
2023-09-20 23:21:38 DEBUG UpdateProducerImpl:22 - vvvv
2023-09-20 23:21:39 DEBUG UpdateProducerImpl:22 - dvsdknsdv'sv
2023-09-20 23:21:40 DEBUG UpdateProducerImpl:22 - dvkdl
2023-09-20 23:21:40 DEBUG UpdateProducerImpl:22 - lkv
2023-09-20 23:21:40 DEBUG UpdateProducerImpl:22 - cklvl
2023-09-20 23:21:40 DEBUG UpdateProducerImpl:22 - xckl
2023-09-20 23:21:41 DEBUG UpdateProducerImpl:22 - x
2023-09-21 23:35:04 DEBUG UpdateProducerImpl:22 - hello from java
2023-09-24 19:17:36 DEBUG UpdateProducerImpl:22 - fff
2023-10-01 16:46:17 DEBUG UpdateProducerImpl:22 - hello
2023-10-01 17:31:49 ERROR UpdateProcessor:37 - Unsupported message type is received: Update(updateId=716030765, message=null, inlineQuery=null, chosenInlineQuery=null, callbackQuery=null, editedMessage=null, channelPost=null, editedChannelPost=null, shippingQuery=null, preCheckoutQuery=null, poll=null, pollAnswer=null, myChatMember=ChatMemberUpdated(chat=Chat(id=728564715, type=private, title=null, firstName=Pushkin, lastName=Nikita, userName=TALKER2K, photo=null, description=null, inviteLink=null, pinnedMessage=null, stickerSetName=null, canSetStickerSet=null, permissions=null, slowModeDelay=null, bio=null, linkedChatId=null, location=null, messageAutoDeleteTime=null, hasPrivateForwards=null, HasProtectedContent=null, joinToSendMessages=null, joinByRequest=null), from=User(id=728564715, firstName=Pushkin, isBot=false, lastName=Nikita, userName=TALKER2K, languageCode=ru, canJoinGroups=null, canReadAllGroupMessages=null, supportInlineQueries=null, isPremium=null, addedToAttachmentMenu=null), date=1696170706, oldChatMember=ChatMemberMember(status=member, user=User(id=6397283475, firstName=BabushkinaHimchistka, isBot=true, lastName=null, userName=babushkina_himchistka_bot, languageCode=null, canJoinGroups=null, canReadAllGroupMessages=null, supportInlineQueries=null, isPremium=null, addedToAttachmentMenu=null)), newChatMember=ChatMemberBanned(status=kicked, user=User(id=6397283475, firstName=BabushkinaHimchistka, isBot=true, lastName=null, userName=babushkina_himchistka_bot, languageCode=null, canJoinGroups=null, canReadAllGroupMessages=null, supportInlineQueries=null, isPremium=null, addedToAttachmentMenu=null), untilDate=0), inviteLink=null), chatMember=null, chatJoinRequest=null)
2023-10-01 17:31:50 ERROR UpdateProcessor:37 - Unsupported message type is received: Update(updateId=716030766, message=null, inlineQuery=null, chosenInlineQuery=null, callbackQuery=null, editedMessage=null, channelPost=null, editedChannelPost=null, shippingQuery=null, preCheckoutQuery=null, poll=null, pollAnswer=null, myChatMember=ChatMemberUpdated(chat=Chat(id=728564715, type=private, title=null, firstName=Pushkin, lastName=Nikita, userName=TALKER2K, photo=null, description=null, inviteLink=null, pinnedMessage=null, stickerSetName=null, canSetStickerSet=null, permissions=null, slowModeDelay=null, bio=null, linkedChatId=null, location=null, messageAutoDeleteTime=null, hasPrivateForwards=null, HasProtectedContent=null, joinToSendMessages=null, joinByRequest=null), from=User(id=728564715, firstName=Pushkin, isBot=false, lastName=Nikita, userName=TALKER2K, languageCode=ru, canJoinGroups=null, canReadAllGroupMessages=null, supportInlineQueries=null, isPremium=null, addedToAttachmentMenu=null), date=1696170708, oldChatMember=ChatMemberBanned(status=kicked, user=User(id=6397283475, firstName=BabushkinaHimchistka, isBot=true, lastName=null, userName=babushkina_himchistka_bot, languageCode=null, canJoinGroups=null, canReadAllGroupMessages=null, supportInlineQueries=null, isPremium=null, addedToAttachmentMenu=null), untilDate=0), newChatMember=ChatMemberMember(status=member, user=User(id=6397283475, firstName=BabushkinaHimchistka, isBot=true, lastName=null, userName=babushkina_himchistka_bot, languageCode=null, canJoinGroups=null, canReadAllGroupMessages=null, supportInlineQueries=null, isPremium=null, addedToAttachmentMenu=null)), inviteLink=null), chatMember=null, chatJoinRequest=null)
2023-10-01 17:31:50 DEBUG UpdateProducerImpl:22 - /start
2023-10-01 17:31:55 DEBUG UpdateProducerImpl:22 - /help
2023-10-01 17:32:25 DEBUG UpdateProducerImpl:22 - /cancel
2023-10-01 17:32:31 DEBUG UpdateProducerImpl:22 - /cancel
2023-10-01 17:32:38 DEBUG UpdateProducerImpl:22 - /registration
2023-10-01 17:32:46 DEBUG UpdateProducerImpl:22 - /start
2023-10-01 17:33:08 DEBUG UpdateProducerImpl:22 - 
